<?xml version="1.0" encoding="UTF-8"?>
<!-- Generated by org.testng.reporters.JUnitXMLReporter -->
<testsuite ignored="0" hostname="TANMOY_DATTA" failures="0" tests="7" name="Test" time="0.189" errors="0" timestamp="2023-03-10T16:28:18 BDT">
  <testcase classname="utilities.DriverSetUp" name="@BeforeSuite setBrowser" time="3.464">
    <failure type="org.openqa.selenium.remote.http.ConnectionFailedException" message="Unable to establish websocket connection to http://localhost:1549/devtools/browser/cacad995-95c3-468b-b59d-0dae7ea0cf1e
Build info: version: &amp;apos;4.7.2&amp;apos;, revision: &amp;apos;4d4020c3b7&amp;apos;
System info: os.name: &amp;apos;Windows 10&amp;apos;, os.arch: &amp;apos;amd64&amp;apos;, os.version: &amp;apos;10.0&amp;apos;, java.version: &amp;apos;17.0.5&amp;apos;
Driver info: driver.version: ChromeDriver">
      <![CDATA[org.openqa.selenium.remote.http.ConnectionFailedException: Unable to establish websocket connection to http://localhost:1549/devtools/browser/cacad995-95c3-468b-b59d-0dae7ea0cf1e
Build info: version: '4.7.2', revision: '4d4020c3b7'
System info: os.name: 'Windows 10', os.arch: 'amd64', os.version: '10.0', java.version: '17.0.5'
Driver info: driver.version: ChromeDriver
at org.openqa.selenium.remote.http.netty.NettyWebSocket.<init>(NettyWebSocket.java:102)
at org.openqa.selenium.remote.http.netty.NettyWebSocket.lambda$create$3(NettyWebSocket.java:128)
at org.openqa.selenium.remote.http.netty.NettyClient.openSocket(NettyClient.java:107)
at org.openqa.selenium.devtools.Connection.<init>(Connection.java:78)
at org.openqa.selenium.chromium.ChromiumDriver.lambda$new$2(ChromiumDriver.java:116)
at java.base/java.util.Optional.map(Optional.java:260)
at org.openqa.selenium.chromium.ChromiumDriver.<init>(ChromiumDriver.java:114)
at org.openqa.selenium.chrome.ChromeDriver.<init>(ChromeDriver.java:82)
at org.openqa.selenium.chrome.ChromeDriver.<init>(ChromeDriver.java:50)
at utilities.DriverSetUp.getBrowser(DriverSetUp.java:34)
at utilities.DriverSetUp.setBrowser(DriverSetUp.java:46)
... Removed 19 stack frames]]>
    </failure>
  </testcase> <!-- @BeforeSuite setBrowser -->
  <testcase classname="testcases.TestCase" name="HomePage" time="0.0">
    <skipped/>
  </testcase> <!-- HomePage -->
  <testcase classname="testcases.TestCase" name="LoginPage" time="0.0">
    <skipped/>
  </testcase> <!-- LoginPage -->
  <testcase classname="testcases.TestCase" name="testLogInValidCredentialsUsingDataprovider" time="0.0">
    <skipped/>
  </testcase> <!-- testLogInValidCredentialsUsingDataprovider -->
  <testcase classname="testcases.TestCase" name="AfterLogInHomePages" time="0.0">
    <skipped/>
  </testcase> <!-- AfterLogInHomePages -->
  <testcase classname="testcases.TestCase" name="NextPage" time="0.0">
    <skipped/>
  </testcase> <!-- NextPage -->
  <testcase classname="testcases.TestCase" name="ADDTOCART" time="0.0">
    <skipped/>
  </testcase> <!-- ADDTOCART -->
  <testcase classname="testcases.TestCase" name="OrderPlace" time="0.0">
    <skipped/>
  </testcase> <!-- OrderPlace -->
</testsuite> <!-- Test -->
